<?xml version="1.0" encoding="UTF-8"?>
<!-- Generated by org.testng.reporters.JUnitReportReporter -->
<testsuite hostname="DESKTOP-8HD2FDV" failures="0" tests="1" name="cristianpractice.ExtentReports.ExtentReportDemo1" time="3.554" errors="0" timestamp="2022-05-19T16:43:13 COT" skipped="0">
  <testcase classname="cristianpractice.ExtentReports.ExtentReportDemo1" name="initialDemo" time="3.554"/>
  <system-out/>
</testsuite> <!-- cristianpractice.ExtentReports.ExtentReportDemo1 -->
